<?xml version="1.0" encoding="UTF-8"?>
<testsuite xmlns:xsi="http://www.w3.org/2001/XMLSchema-instance" xsi:noNamespaceSchemaLocation="https://maven.apache.org/surefire/maven-surefire-plugin/xsd/surefire-test-report.xsd" name="com.pchromic.BudgetManager.FileServiceTest" time="4.833" tests="1" errors="1" skipped="0" failures="0">
  <properties>
[...]
</properties>
  <testcase name="readFile" classname="com.pchromic.BudgetManager.FileServiceTest" time="0.072">
    <error type="java.lang.NullPointerException">java.lang.NullPointerException
	at com.pchromic.BudgetManager.FileServiceTest.readFile(FileServiceTest.java:42)
</error>
    <system-out><![CDATA[14:25:15.348 [main] DEBUG org.springframework.test.context.junit4.SpringJUnit4ClassRunner - SpringJUnit4ClassRunner constructor called with [class com.pchromic.BudgetManager.FileServiceTest]
14:25:15.351 [main] DEBUG org.springframework.test.context.BootstrapUtils - Instantiating CacheAwareContextLoaderDelegate from class [org.springframework.test.context.cache.DefaultCacheAwareContextLoaderDelegate]
14:25:15.357 [main] DEBUG org.springframework.test.context.BootstrapUtils - Instantiating BootstrapContext using constructor [public org.springframework.test.context.support.DefaultBootstrapContext(java.lang.Class,org.springframework.test.context.CacheAwareContextLoaderDelegate)]
14:25:15.372 [main] DEBUG org.springframework.test.context.BootstrapUtils - Instantiating TestContextBootstrapper for test class [com.pchromic.BudgetManager.FileServiceTest] from class [org.springframework.boot.test.context.SpringBootTestContextBootstrapper]
14:25:15.411 [main] INFO org.springframework.boot.test.context.SpringBootTestContextBootstrapper - Neither @ContextConfiguration nor @ContextHierarchy found for test class [com.pchromic.BudgetManager.FileServiceTest], using SpringBootContextLoader
14:25:15.414 [main] DEBUG org.springframework.test.context.support.AbstractContextLoader - Did not detect default resource location for test class [com.pchromic.BudgetManager.FileServiceTest]: class path resource [com/pchromic/BudgetManager/FileServiceTest-context.xml] does not exist
14:25:15.414 [main] DEBUG org.springframework.test.context.support.AbstractContextLoader - Did not detect default resource location for test class [com.pchromic.BudgetManager.FileServiceTest]: class path resource [com/pchromic/BudgetManager/FileServiceTestContext.groovy] does not exist
14:25:15.414 [main] INFO org.springframework.test.context.support.AbstractContextLoader - Could not detect default resource locations for test class [com.pchromic.BudgetManager.FileServiceTest]: no resource found for suffixes {-context.xml, Context.groovy}.
14:25:15.415 [main] INFO org.springframework.test.context.support.AnnotationConfigContextLoaderUtils - Could not detect default configuration classes for test class [com.pchromic.BudgetManager.FileServiceTest]: FileServiceTest does not declare any static, non-private, non-final, nested classes annotated with @Configuration.
14:25:15.445 [main] DEBUG org.springframework.test.context.support.ActiveProfilesUtils - Could not find an 'annotation declaring class' for annotation type [org.springframework.test.context.ActiveProfiles] and class [com.pchromic.BudgetManager.FileServiceTest]
14:25:15.495 [main] DEBUG org.springframework.context.annotation.ClassPathScanningCandidateComponentProvider - Identified candidate component class: file [E:\Projects\BudgetManager\target\classes\com\pchromic\BudgetManager\BudgetManagerApplication.class]
14:25:15.496 [main] INFO org.springframework.boot.test.context.SpringBootTestContextBootstrapper - Found @SpringBootConfiguration com.pchromic.BudgetManager.BudgetManagerApplication for test class com.pchromic.BudgetManager.FileServiceTest
14:25:15.560 [main] DEBUG org.springframework.boot.test.context.SpringBootTestContextBootstrapper - @TestExecutionListeners is not present for class [com.pchromic.BudgetManager.FileServiceTest]: using defaults.
14:25:15.561 [main] INFO org.springframework.boot.test.context.SpringBootTestContextBootstrapper - Loaded default TestExecutionListener class names from location [META-INF/spring.factories]: [org.springframework.boot.test.mock.mockito.MockitoTestExecutionListener, org.springframework.boot.test.mock.mockito.ResetMocksTestExecutionListener, org.springframework.boot.test.autoconfigure.restdocs.RestDocsTestExecutionListener, org.springframework.boot.test.autoconfigure.web.client.MockRestServiceServerResetTestExecutionListener, org.springframework.boot.test.autoconfigure.web.servlet.MockMvcPrintOnlyOnFailureTestExecutionListener, org.springframework.boot.test.autoconfigure.web.servlet.WebDriverTestExecutionListener, org.springframework.test.context.web.ServletTestExecutionListener, org.springframework.test.context.support.DirtiesContextBeforeModesTestExecutionListener, org.springframework.test.context.support.DependencyInjectionTestExecutionListener, org.springframework.test.context.support.DirtiesContextTestExecutionListener, org.springframework.test.context.transaction.TransactionalTestExecutionListener, org.springframework.test.context.jdbc.SqlScriptsTestExecutionListener, org.springframework.security.test.context.support.WithSecurityContextTestExecutionListener, org.springframework.security.test.context.support.ReactorContextTestExecutionListener]
14:25:15.576 [main] INFO org.springframework.boot.test.context.SpringBootTestContextBootstrapper - Using TestExecutionListeners: [org.springframework.test.context.web.ServletTestExecutionListener@bcec361, org.springframework.test.context.support.DirtiesContextBeforeModesTestExecutionListener@26794848, org.springframework.boot.test.mock.mockito.MockitoTestExecutionListener@302552ec, org.springframework.boot.test.autoconfigure.SpringBootDependencyInjectionTestExecutionListener@3d285d7e, org.springframework.test.context.support.DirtiesContextTestExecutionListener@40005471, org.springframework.test.context.transaction.TransactionalTestExecutionListener@2cd76f31, org.springframework.test.context.jdbc.SqlScriptsTestExecutionListener@367ffa75, org.springframework.security.test.context.support.WithSecurityContextTestExecutionListener@49438269, org.springframework.security.test.context.support.ReactorContextTestExecutionListener@ba2f4ec, org.springframework.boot.test.mock.mockito.ResetMocksTestExecutionListener@1c1bbc4e, org.springframework.boot.test.autoconfigure.restdocs.RestDocsTestExecutionListener@55fe41ea, org.springframework.boot.test.autoconfigure.web.client.MockRestServiceServerResetTestExecutionListener@fbd1f6, org.springframework.boot.test.autoconfigure.web.servlet.MockMvcPrintOnlyOnFailureTestExecutionListener@1ce24091, org.springframework.boot.test.autoconfigure.web.servlet.WebDriverTestExecutionListener@5dda768f]
14:25:15.577 [main] DEBUG org.springframework.test.annotation.ProfileValueUtils - Retrieved @ProfileValueSourceConfiguration [null] for test class [com.pchromic.BudgetManager.FileServiceTest]
14:25:15.578 [main] DEBUG org.springframework.test.annotation.ProfileValueUtils - Retrieved ProfileValueSource type [class org.springframework.test.annotation.SystemProfileValueSource] for class [com.pchromic.BudgetManager.FileServiceTest]
14:25:15.578 [main] DEBUG org.springframework.test.annotation.ProfileValueUtils - Retrieved @ProfileValueSourceConfiguration [null] for test class [com.pchromic.BudgetManager.FileServiceTest]
14:25:15.578 [main] DEBUG org.springframework.test.annotation.ProfileValueUtils - Retrieved ProfileValueSource type [class org.springframework.test.annotation.SystemProfileValueSource] for class [com.pchromic.BudgetManager.FileServiceTest]
14:25:15.578 [main] DEBUG org.springframework.test.annotation.ProfileValueUtils - Retrieved @ProfileValueSourceConfiguration [null] for test class [com.pchromic.BudgetManager.FileServiceTest]
14:25:15.579 [main] DEBUG org.springframework.test.annotation.ProfileValueUtils - Retrieved ProfileValueSource type [class org.springframework.test.annotation.SystemProfileValueSource] for class [com.pchromic.BudgetManager.FileServiceTest]
14:25:15.581 [main] DEBUG org.springframework.test.context.support.AbstractDirtiesContextTestExecutionListener - Before test class: context [DefaultTestContext@6c40365c testClass = FileServiceTest, testInstance = [null], testMethod = [null], testException = [null], mergedContextConfiguration = [WebMergedContextConfiguration@7bedc48a testClass = FileServiceTest, locations = '{}', classes = '{class com.pchromic.BudgetManager.BudgetManagerApplication}', contextInitializerClasses = '[]', activeProfiles = '{}', propertySourceLocations = '{}', propertySourceProperties = '{org.springframework.boot.test.context.SpringBootTestContextBootstrapper=true}', contextCustomizers = set[org.springframework.boot.test.context.filter.ExcludeFilterContextCustomizer@7dc222ae, org.springframework.boot.test.json.DuplicateJsonObjectContextCustomizerFactory$DuplicateJsonObjectContextCustomizer@8b87145, org.springframework.boot.test.mock.mockito.MockitoContextCustomizer@0, org.springframework.boot.test.web.client.TestRestTemplateContextCustomizer@140e5a13, org.springframework.boot.test.autoconfigure.properties.PropertyMappingContextCustomizer@0, org.springframework.boot.test.autoconfigure.web.servlet.WebDriverContextCustomizerFactory$Customizer@7181ae3f], resourceBasePath = 'src/main/webapp', contextLoader = 'org.springframework.boot.test.context.SpringBootContextLoader', parent = [null]], attributes = map['org.springframework.test.context.web.ServletTestExecutionListener.activateListener' -> true]], class annotated with @DirtiesContext [false] with mode [null].
14:25:15.581 [main] DEBUG org.springframework.test.annotation.ProfileValueUtils - Retrieved @ProfileValueSourceConfiguration [null] for test class [com.pchromic.BudgetManager.FileServiceTest]
14:25:15.582 [main] DEBUG org.springframework.test.annotation.ProfileValueUtils - Retrieved ProfileValueSource type [class org.springframework.test.annotation.SystemProfileValueSource] for class [com.pchromic.BudgetManager.FileServiceTest]
14:25:15.601 [main] DEBUG org.springframework.test.context.support.TestPropertySourceUtils - Adding inlined properties to environment: {spring.jmx.enabled=false, org.springframework.boot.test.context.SpringBootTestContextBootstrapper=true, server.port=-1}

  .   ____          _            __ _ _
 /\\ / ___'_ __ _ _(_)_ __  __ _ \ \ \ \
( ( )\___ | '_ | '_| | '_ \/ _` | \ \ \ \
 \\/  ___)| |_)| | | | | || (_| |  ) ) ) )
  '  |____| .__|_| |_|_| |_\__, | / / / /
 =========|_|==============|___/=/_/_/_/
&amp#27;[32m :: Spring Boot :: &amp#27;[39m      &amp#27;[2m (v2.1.6.RELEASE)&amp#27;[0;39m

&amp#27;[2m2019-08-17 14:25:15.874&amp#27;[0;39m &amp#27;[32m INFO&amp#27;[0;39m &amp#27;[35m9100&amp#27;[0;39m &amp#27;[2m---&amp#27;[0;39m &amp#27;[2m[           main]&amp#27;[0;39m &amp#27;[36mc.p.BudgetManager.FileServiceTest       &amp#27;[0;39m &amp#27;[2m:&amp#27;[0;39m Starting FileServiceTest on A with PID 9100 (started by Przemo in E:\Projects\BudgetManager)
&amp#27;[2m2019-08-17 14:25:15.876&amp#27;[0;39m &amp#27;[32m INFO&amp#27;[0;39m &amp#27;[35m9100&amp#27;[0;39m &amp#27;[2m---&amp#27;[0;39m &amp#27;[2m[           main]&amp#27;[0;39m &amp#27;[36mc.p.BudgetManager.FileServiceTest       &amp#27;[0;39m &amp#27;[2m:&amp#27;[0;39m No active profile set, falling back to default profiles: default
&amp#27;[2m2019-08-17 14:25:16.458&amp#27;[0;39m &amp#27;[32m INFO&amp#27;[0;39m &amp#27;[35m9100&amp#27;[0;39m &amp#27;[2m---&amp#27;[0;39m &amp#27;[2m[           main]&amp#27;[0;39m &amp#27;[36m.s.d.r.c.RepositoryConfigurationDelegate&amp#27;[0;39m &amp#27;[2m:&amp#27;[0;39m Bootstrapping Spring Data repositories in DEFAULT mode.
&amp#27;[2m2019-08-17 14:25:16.503&amp#27;[0;39m &amp#27;[32m INFO&amp#27;[0;39m &amp#27;[35m9100&amp#27;[0;39m &amp#27;[2m---&amp#27;[0;39m &amp#27;[2m[           main]&amp#27;[0;39m &amp#27;[36m.s.d.r.c.RepositoryConfigurationDelegate&amp#27;[0;39m &amp#27;[2m:&amp#27;[0;39m Finished Spring Data repository scanning in 39ms. Found 1 repository interfaces.
&amp#27;[2m2019-08-17 14:25:16.827&amp#27;[0;39m &amp#27;[32m INFO&amp#27;[0;39m &amp#27;[35m9100&amp#27;[0;39m &amp#27;[2m---&amp#27;[0;39m &amp#27;[2m[           main]&amp#27;[0;39m &amp#27;[36mtrationDelegate$BeanPostProcessorChecker&amp#27;[0;39m &amp#27;[2m:&amp#27;[0;39m Bean 'org.springframework.transaction.annotation.ProxyTransactionManagementConfiguration' of type [org.springframework.transaction.annotation.ProxyTransactionManagementConfiguration$$EnhancerBySpringCGLIB$$27712977] is not eligible for getting processed by all BeanPostProcessors (for example: not eligible for auto-proxying)
&amp#27;[2m2019-08-17 14:25:16.990&amp#27;[0;39m &amp#27;[32m INFO&amp#27;[0;39m &amp#27;[35m9100&amp#27;[0;39m &amp#27;[2m---&amp#27;[0;39m &amp#27;[2m[           main]&amp#27;[0;39m &amp#27;[36mcom.zaxxer.hikari.HikariDataSource      &amp#27;[0;39m &amp#27;[2m:&amp#27;[0;39m HikariPool-1 - Starting...
&amp#27;[2m2019-08-17 14:25:17.137&amp#27;[0;39m &amp#27;[32m INFO&amp#27;[0;39m &amp#27;[35m9100&amp#27;[0;39m &amp#27;[2m---&amp#27;[0;39m &amp#27;[2m[           main]&amp#27;[0;39m &amp#27;[36mcom.zaxxer.hikari.HikariDataSource      &amp#27;[0;39m &amp#27;[2m:&amp#27;[0;39m HikariPool-1 - Start completed.
&amp#27;[2m2019-08-17 14:25:17.183&amp#27;[0;39m &amp#27;[32m INFO&amp#27;[0;39m &amp#27;[35m9100&amp#27;[0;39m &amp#27;[2m---&amp#27;[0;39m &amp#27;[2m[           main]&amp#27;[0;39m &amp#27;[36mo.hibernate.jpa.internal.util.LogHelper &amp#27;[0;39m &amp#27;[2m:&amp#27;[0;39m HHH000204: Processing PersistenceUnitInfo [
	name: default
	...]
&amp#27;[2m2019-08-17 14:25:17.226&amp#27;[0;39m &amp#27;[32m INFO&amp#27;[0;39m &amp#27;[35m9100&amp#27;[0;39m &amp#27;[2m---&amp#27;[0;39m &amp#27;[2m[           main]&amp#27;[0;39m &amp#27;[36morg.hibernate.Version                   &amp#27;[0;39m &amp#27;[2m:&amp#27;[0;39m HHH000412: Hibernate Core {5.3.10.Final}
&amp#27;[2m2019-08-17 14:25:17.227&amp#27;[0;39m &amp#27;[32m INFO&amp#27;[0;39m &amp#27;[35m9100&amp#27;[0;39m &amp#27;[2m---&amp#27;[0;39m &amp#27;[2m[           main]&amp#27;[0;39m &amp#27;[36morg.hibernate.cfg.Environment           &amp#27;[0;39m &amp#27;[2m:&amp#27;[0;39m HHH000206: hibernate.properties not found
&amp#27;[2m2019-08-17 14:25:17.326&amp#27;[0;39m &amp#27;[32m INFO&amp#27;[0;39m &amp#27;[35m9100&amp#27;[0;39m &amp#27;[2m---&amp#27;[0;39m &amp#27;[2m[           main]&amp#27;[0;39m &amp#27;[36mo.hibernate.annotations.common.Version  &amp#27;[0;39m &amp#27;[2m:&amp#27;[0;39m HCANN000001: Hibernate Commons Annotations {5.0.4.Final}
&amp#27;[2m2019-08-17 14:25:17.469&amp#27;[0;39m &amp#27;[32m INFO&amp#27;[0;39m &amp#27;[35m9100&amp#27;[0;39m &amp#27;[2m---&amp#27;[0;39m &amp#27;[2m[           main]&amp#27;[0;39m &amp#27;[36morg.hibernate.dialect.Dialect           &amp#27;[0;39m &amp#27;[2m:&amp#27;[0;39m HHH000400: Using dialect: org.hibernate.dialect.MySQL57Dialect
Hibernate: 
    
    drop table if exists operation
Hibernate: 
    
    create table operation (
       id bigint not null auto_increment,
        amount decimal(19,2) not null,
        currency varchar(255) not null,
        description varchar(255) not null,
        balance decimal(19,2) not null,
        operation_class varchar(255) not null,
        operation_date date not null,
        transaction_type varchar(255),
        primary key (id)
    ) engine=InnoDB
&amp#27;[2m2019-08-17 14:25:19.066&amp#27;[0;39m &amp#27;[32m INFO&amp#27;[0;39m &amp#27;[35m9100&amp#27;[0;39m &amp#27;[2m---&amp#27;[0;39m &amp#27;[2m[           main]&amp#27;[0;39m &amp#27;[36mo.h.t.schema.internal.SchemaCreatorImpl &amp#27;[0;39m &amp#27;[2m:&amp#27;[0;39m HHH000476: Executing import script 'org.hibernate.tool.schema.internal.exec.ScriptSourceInputNonExistentImpl@435e416c'
&amp#27;[2m2019-08-17 14:25:19.068&amp#27;[0;39m &amp#27;[32m INFO&amp#27;[0;39m &amp#27;[35m9100&amp#27;[0;39m &amp#27;[2m---&amp#27;[0;39m &amp#27;[2m[           main]&amp#27;[0;39m &amp#27;[36mj.LocalContainerEntityManagerFactoryBean&amp#27;[0;39m &amp#27;[2m:&amp#27;[0;39m Initialized JPA EntityManagerFactory for persistence unit 'default'
&amp#27;[2m2019-08-17 14:25:19.714&amp#27;[0;39m &amp#27;[32m INFO&amp#27;[0;39m &amp#27;[35m9100&amp#27;[0;39m &amp#27;[2m---&amp#27;[0;39m &amp#27;[2m[           main]&amp#27;[0;39m &amp#27;[36mo.s.s.concurrent.ThreadPoolTaskExecutor &amp#27;[0;39m &amp#27;[2m:&amp#27;[0;39m Initializing ExecutorService 'applicationTaskExecutor'
&amp#27;[2m2019-08-17 14:25:19.752&amp#27;[0;39m &amp#27;[33m WARN&amp#27;[0;39m &amp#27;[35m9100&amp#27;[0;39m &amp#27;[2m---&amp#27;[0;39m &amp#27;[2m[           main]&amp#27;[0;39m &amp#27;[36maWebConfiguration$JpaWebMvcConfiguration&amp#27;[0;39m &amp#27;[2m:&amp#27;[0;39m spring.jpa.open-in-view is enabled by default. Therefore, database queries may be performed during view rendering. Explicitly configure spring.jpa.open-in-view to disable this warning
&amp#27;[2m2019-08-17 14:25:20.063&amp#27;[0;39m &amp#27;[32m INFO&amp#27;[0;39m &amp#27;[35m9100&amp#27;[0;39m &amp#27;[2m---&amp#27;[0;39m &amp#27;[2m[           main]&amp#27;[0;39m &amp#27;[36m.s.s.UserDetailsServiceAutoConfiguration&amp#27;[0;39m &amp#27;[2m:&amp#27;[0;39m 

Using generated security password: ab99a870-c019-4ca1-8853-f231a4299e9b

&amp#27;[2m2019-08-17 14:25:20.202&amp#27;[0;39m &amp#27;[32m INFO&amp#27;[0;39m &amp#27;[35m9100&amp#27;[0;39m &amp#27;[2m---&amp#27;[0;39m &amp#27;[2m[           main]&amp#27;[0;39m &amp#27;[36mo.s.s.web.DefaultSecurityFilterChain    &amp#27;[0;39m &amp#27;[2m:&amp#27;[0;39m Creating filter chain: any request, [org.springframework.security.web.context.request.async.WebAsyncManagerIntegrationFilter@77ff14ce, org.springframework.security.web.context.SecurityContextPersistenceFilter@6249a08d, org.springframework.security.web.header.HeaderWriterFilter@4d4b019e, org.springframework.security.web.csrf.CsrfFilter@485451d8, org.springframework.security.web.authentication.logout.LogoutFilter@33215ffb, org.springframework.security.web.authentication.UsernamePasswordAuthenticationFilter@5bb97fe7, org.springframework.security.web.authentication.ui.DefaultLoginPageGeneratingFilter@12f51a65, org.springframework.security.web.authentication.ui.DefaultLogoutPageGeneratingFilter@733fae8, org.springframework.security.web.authentication.www.BasicAuthenticationFilter@36238b12, org.springframework.security.web.savedrequest.RequestCacheAwareFilter@27438750, org.springframework.security.web.servletapi.SecurityContextHolderAwareRequestFilter@3dbb3fb7, org.springframework.security.web.authentication.AnonymousAuthenticationFilter@5a8d676e, org.springframework.security.web.session.SessionManagementFilter@21280cbb, org.springframework.security.web.access.ExceptionTranslationFilter@6e948f1c, org.springframework.security.web.access.intercept.FilterSecurityInterceptor@3f322610]
&amp#27;[2m2019-08-17 14:25:20.297&amp#27;[0;39m &amp#27;[32m INFO&amp#27;[0;39m &amp#27;[35m9100&amp#27;[0;39m &amp#27;[2m---&amp#27;[0;39m &amp#27;[2m[           main]&amp#27;[0;39m &amp#27;[36mc.p.BudgetManager.FileServiceTest       &amp#27;[0;39m &amp#27;[2m:&amp#27;[0;39m Started FileServiceTest in 4.61 seconds (JVM running for 5.609)
Start reading file
]]></system-out>
    <system-err><![CDATA[java.io.FileNotFoundException: D:\Projects\BudgetManager\assets\Historia_Rachunku.xls (Urządzenie nie jest gotowe)
	at java.io.FileInputStream.open0(Native Method)
	at java.io.FileInputStream.open(FileInputStream.java:195)
	at java.io.FileInputStream.<init>(FileInputStream.java:138)
	at com.pchromic.BudgetManager.service.impl.FileServiceImpl.openFile(FileServiceImpl.java:36)
	at com.pchromic.BudgetManager.FileServiceTest.readFile(FileServiceTest.java:39)
	at sun.reflect.NativeMethodAccessorImpl.invoke0(Native Method)
	at sun.reflect.NativeMethodAccessorImpl.invoke(NativeMethodAccessorImpl.java:62)
	at sun.reflect.DelegatingMethodAccessorImpl.invoke(DelegatingMethodAccessorImpl.java:43)
	at java.lang.reflect.Method.invoke(Method.java:498)
	at org.junit.runners.model.FrameworkMethod$1.runReflectiveCall(FrameworkMethod.java:50)
	at org.junit.internal.runners.model.ReflectiveCallable.run(ReflectiveCallable.java:12)
	at org.junit.runners.model.FrameworkMethod.invokeExplosively(FrameworkMethod.java:47)
	at org.junit.internal.runners.statements.InvokeMethod.evaluate(InvokeMethod.java:17)
	at org.springframework.test.context.junit4.statements.RunBeforeTestExecutionCallbacks.evaluate(RunBeforeTestExecutionCallbacks.java:74)
	at org.springframework.test.context.junit4.statements.RunAfterTestExecutionCallbacks.evaluate(RunAfterTestExecutionCallbacks.java:84)
	at org.springframework.test.context.junit4.statements.RunBeforeTestMethodCallbacks.evaluate(RunBeforeTestMethodCallbacks.java:75)
	at org.springframework.test.context.junit4.statements.RunAfterTestMethodCallbacks.evaluate(RunAfterTestMethodCallbacks.java:86)
	at org.springframework.test.context.junit4.statements.SpringRepeat.evaluate(SpringRepeat.java:84)
	at org.junit.runners.ParentRunner.runLeaf(ParentRunner.java:325)
	at org.springframework.test.context.junit4.SpringJUnit4ClassRunner.runChild(SpringJUnit4ClassRunner.java:251)
	at org.springframework.test.context.junit4.SpringJUnit4ClassRunner.runChild(SpringJUnit4ClassRunner.java:97)
	at org.junit.runners.ParentRunner$3.run(ParentRunner.java:290)
	at org.junit.runners.ParentRunner$1.schedule(ParentRunner.java:71)
	at org.junit.runners.ParentRunner.runChildren(ParentRunner.java:288)
	at org.junit.runners.ParentRunner.access$000(ParentRunner.java:58)
	at org.junit.runners.ParentRunner$2.evaluate(ParentRunner.java:268)
	at org.springframework.test.context.junit4.statements.RunBeforeTestClassCallbacks.evaluate(RunBeforeTestClassCallbacks.java:61)
	at org.springframework.test.context.junit4.statements.RunAfterTestClassCallbacks.evaluate(RunAfterTestClassCallbacks.java:70)
	at org.junit.runners.ParentRunner.run(ParentRunner.java:363)
	at org.springframework.test.context.junit4.SpringJUnit4ClassRunner.run(SpringJUnit4ClassRunner.java:190)
	at org.apache.maven.surefire.junit4.JUnit4Provider.execute(JUnit4Provider.java:365)
	at org.apache.maven.surefire.junit4.JUnit4Provider.executeWithRerun(JUnit4Provider.java:273)
	at org.apache.maven.surefire.junit4.JUnit4Provider.executeTestSet(JUnit4Provider.java:238)
	at org.apache.maven.surefire.junit4.JUnit4Provider.invoke(JUnit4Provider.java:159)
	at org.apache.maven.surefire.booter.ForkedBooter.invokeProviderInSameClassLoader(ForkedBooter.java:384)
	at org.apache.maven.surefire.booter.ForkedBooter.runSuitesInProcess(ForkedBooter.java:345)
	at org.apache.maven.surefire.booter.ForkedBooter.execute(ForkedBooter.java:126)
	at org.apache.maven.surefire.booter.ForkedBooter.main(ForkedBooter.java:418)
]]></system-err>
  </testcase>
</testsuite>