<?xml version="1.0" encoding="UTF-8"?>
<testsuite xmlns:xsi="http://www.w3.org/2001/XMLSchema-instance" xsi:noNamespaceSchemaLocation="https://maven.apache.org/surefire/maven-surefire-plugin/xsd/surefire-test-report.xsd" name="com.pchromic.BudgetManager.FileServiceTest" time="17.012" tests="1" errors="1" skipped="0" failures="0">
  <properties>
[...]
</properties>
  <testcase name="readFile" classname="com.pchromic.BudgetManager.FileServiceTest" time="0.662">
    <error type="java.lang.NullPointerException">java.lang.NullPointerException
	at com.pchromic.BudgetManager.FileServiceTest.readFile(FileServiceTest.java:42)
</error>
    <system-out><![CDATA[19:55:38.294 [main] DEBUG org.springframework.test.context.junit4.SpringJUnit4ClassRunner - SpringJUnit4ClassRunner constructor called with [class com.pchromic.BudgetManager.FileServiceTest]
19:55:38.297 [main] DEBUG org.springframework.test.context.BootstrapUtils - Instantiating CacheAwareContextLoaderDelegate from class [org.springframework.test.context.cache.DefaultCacheAwareContextLoaderDelegate]
19:55:38.344 [main] DEBUG org.springframework.test.context.BootstrapUtils - Instantiating BootstrapContext using constructor [public org.springframework.test.context.support.DefaultBootstrapContext(java.lang.Class,org.springframework.test.context.CacheAwareContextLoaderDelegate)]
19:55:38.363 [main] DEBUG org.springframework.test.context.BootstrapUtils - Instantiating TestContextBootstrapper for test class [com.pchromic.BudgetManager.FileServiceTest] from class [org.springframework.boot.test.context.SpringBootTestContextBootstrapper]
19:55:38.395 [main] INFO org.springframework.boot.test.context.SpringBootTestContextBootstrapper - Neither @ContextConfiguration nor @ContextHierarchy found for test class [com.pchromic.BudgetManager.FileServiceTest], using SpringBootContextLoader
19:55:38.397 [main] DEBUG org.springframework.test.context.support.AbstractContextLoader - Did not detect default resource location for test class [com.pchromic.BudgetManager.FileServiceTest]: class path resource [com/pchromic/BudgetManager/FileServiceTest-context.xml] does not exist
19:55:38.397 [main] DEBUG org.springframework.test.context.support.AbstractContextLoader - Did not detect default resource location for test class [com.pchromic.BudgetManager.FileServiceTest]: class path resource [com/pchromic/BudgetManager/FileServiceTestContext.groovy] does not exist
19:55:38.398 [main] INFO org.springframework.test.context.support.AbstractContextLoader - Could not detect default resource locations for test class [com.pchromic.BudgetManager.FileServiceTest]: no resource found for suffixes {-context.xml, Context.groovy}.
19:55:38.398 [main] INFO org.springframework.test.context.support.AnnotationConfigContextLoaderUtils - Could not detect default configuration classes for test class [com.pchromic.BudgetManager.FileServiceTest]: FileServiceTest does not declare any static, non-private, non-final, nested classes annotated with @Configuration.
19:55:38.435 [main] DEBUG org.springframework.test.context.support.ActiveProfilesUtils - Could not find an 'annotation declaring class' for annotation type [org.springframework.test.context.ActiveProfiles] and class [com.pchromic.BudgetManager.FileServiceTest]
19:55:38.495 [main] DEBUG org.springframework.context.annotation.ClassPathScanningCandidateComponentProvider - Identified candidate component class: file [E:\Projects\BudgetManager\target\classes\com\pchromic\BudgetManager\BudgetManagerApplication.class]
19:55:38.502 [main] INFO org.springframework.boot.test.context.SpringBootTestContextBootstrapper - Found @SpringBootConfiguration com.pchromic.BudgetManager.BudgetManagerApplication for test class com.pchromic.BudgetManager.FileServiceTest
19:55:38.587 [main] DEBUG org.springframework.boot.test.context.SpringBootTestContextBootstrapper - @TestExecutionListeners is not present for class [com.pchromic.BudgetManager.FileServiceTest]: using defaults.
19:55:38.587 [main] INFO org.springframework.boot.test.context.SpringBootTestContextBootstrapper - Loaded default TestExecutionListener class names from location [META-INF/spring.factories]: [org.springframework.boot.test.mock.mockito.MockitoTestExecutionListener, org.springframework.boot.test.mock.mockito.ResetMocksTestExecutionListener, org.springframework.boot.test.autoconfigure.restdocs.RestDocsTestExecutionListener, org.springframework.boot.test.autoconfigure.web.client.MockRestServiceServerResetTestExecutionListener, org.springframework.boot.test.autoconfigure.web.servlet.MockMvcPrintOnlyOnFailureTestExecutionListener, org.springframework.boot.test.autoconfigure.web.servlet.WebDriverTestExecutionListener, org.springframework.test.context.web.ServletTestExecutionListener, org.springframework.test.context.support.DirtiesContextBeforeModesTestExecutionListener, org.springframework.test.context.support.DependencyInjectionTestExecutionListener, org.springframework.test.context.support.DirtiesContextTestExecutionListener, org.springframework.test.context.transaction.TransactionalTestExecutionListener, org.springframework.test.context.jdbc.SqlScriptsTestExecutionListener, org.springframework.security.test.context.support.WithSecurityContextTestExecutionListener, org.springframework.security.test.context.support.ReactorContextTestExecutionListener]
19:55:38.605 [main] INFO org.springframework.boot.test.context.SpringBootTestContextBootstrapper - Using TestExecutionListeners: [org.springframework.test.context.web.ServletTestExecutionListener@d35dea7, org.springframework.test.context.support.DirtiesContextBeforeModesTestExecutionListener@7770f470, org.springframework.boot.test.mock.mockito.MockitoTestExecutionListener@5e5d171f, org.springframework.boot.test.autoconfigure.SpringBootDependencyInjectionTestExecutionListener@24313fcc, org.springframework.test.context.support.DirtiesContextTestExecutionListener@7d20d0b, org.springframework.test.context.transaction.TransactionalTestExecutionListener@77f1baf5, org.springframework.test.context.jdbc.SqlScriptsTestExecutionListener@41a2befb, org.springframework.security.test.context.support.WithSecurityContextTestExecutionListener@6c40365c, org.springframework.security.test.context.support.ReactorContextTestExecutionListener@7bedc48a, org.springframework.boot.test.mock.mockito.ResetMocksTestExecutionListener@131ef10, org.springframework.boot.test.autoconfigure.restdocs.RestDocsTestExecutionListener@55b0dcab, org.springframework.boot.test.autoconfigure.web.client.MockRestServiceServerResetTestExecutionListener@38afe297, org.springframework.boot.test.autoconfigure.web.servlet.MockMvcPrintOnlyOnFailureTestExecutionListener@2df3b89c, org.springframework.boot.test.autoconfigure.web.servlet.WebDriverTestExecutionListener@23348b5d]
19:55:38.607 [main] DEBUG org.springframework.test.annotation.ProfileValueUtils - Retrieved @ProfileValueSourceConfiguration [null] for test class [com.pchromic.BudgetManager.FileServiceTest]
19:55:38.607 [main] DEBUG org.springframework.test.annotation.ProfileValueUtils - Retrieved ProfileValueSource type [class org.springframework.test.annotation.SystemProfileValueSource] for class [com.pchromic.BudgetManager.FileServiceTest]
19:55:38.607 [main] DEBUG org.springframework.test.annotation.ProfileValueUtils - Retrieved @ProfileValueSourceConfiguration [null] for test class [com.pchromic.BudgetManager.FileServiceTest]
19:55:38.607 [main] DEBUG org.springframework.test.annotation.ProfileValueUtils - Retrieved ProfileValueSource type [class org.springframework.test.annotation.SystemProfileValueSource] for class [com.pchromic.BudgetManager.FileServiceTest]
19:55:38.608 [main] DEBUG org.springframework.test.annotation.ProfileValueUtils - Retrieved @ProfileValueSourceConfiguration [null] for test class [com.pchromic.BudgetManager.FileServiceTest]
19:55:38.608 [main] DEBUG org.springframework.test.annotation.ProfileValueUtils - Retrieved ProfileValueSource type [class org.springframework.test.annotation.SystemProfileValueSource] for class [com.pchromic.BudgetManager.FileServiceTest]
19:55:38.613 [main] DEBUG org.springframework.test.context.support.AbstractDirtiesContextTestExecutionListener - Before test class: context [DefaultTestContext@7530ad9c testClass = FileServiceTest, testInstance = [null], testMethod = [null], testException = [null], mergedContextConfiguration = [WebMergedContextConfiguration@58a9760d testClass = FileServiceTest, locations = '{}', classes = '{class com.pchromic.BudgetManager.BudgetManagerApplication}', contextInitializerClasses = '[]', activeProfiles = '{}', propertySourceLocations = '{}', propertySourceProperties = '{org.springframework.boot.test.context.SpringBootTestContextBootstrapper=true}', contextCustomizers = set[org.springframework.boot.test.context.filter.ExcludeFilterContextCustomizer@6483f5ae, org.springframework.boot.test.json.DuplicateJsonObjectContextCustomizerFactory$DuplicateJsonObjectContextCustomizer@73d4cc9e, org.springframework.boot.test.mock.mockito.MockitoContextCustomizer@0, org.springframework.boot.test.web.client.TestRestTemplateContextCustomizer@17695df3, org.springframework.boot.test.autoconfigure.properties.PropertyMappingContextCustomizer@0, org.springframework.boot.test.autoconfigure.web.servlet.WebDriverContextCustomizerFactory$Customizer@4e4aea35], resourceBasePath = 'src/main/webapp', contextLoader = 'org.springframework.boot.test.context.SpringBootContextLoader', parent = [null]], attributes = map['org.springframework.test.context.web.ServletTestExecutionListener.activateListener' -> true]], class annotated with @DirtiesContext [false] with mode [null].
19:55:38.639 [main] DEBUG org.springframework.test.annotation.ProfileValueUtils - Retrieved @ProfileValueSourceConfiguration [null] for test class [com.pchromic.BudgetManager.FileServiceTest]
19:55:38.639 [main] DEBUG org.springframework.test.annotation.ProfileValueUtils - Retrieved ProfileValueSource type [class org.springframework.test.annotation.SystemProfileValueSource] for class [com.pchromic.BudgetManager.FileServiceTest]
19:55:38.662 [main] DEBUG org.springframework.test.context.support.TestPropertySourceUtils - Adding inlined properties to environment: {spring.jmx.enabled=false, org.springframework.boot.test.context.SpringBootTestContextBootstrapper=true, server.port=-1}

  .   ____          _            __ _ _
 /\\ / ___'_ __ _ _(_)_ __  __ _ \ \ \ \
( ( )\___ | '_ | '_| | '_ \/ _` | \ \ \ \
 \\/  ___)| |_)| | | | | || (_| |  ) ) ) )
  '  |____| .__|_| |_|_| |_\__, | / / / /
 =========|_|==============|___/=/_/_/_/
&amp#27;[32m :: Spring Boot :: &amp#27;[39m      &amp#27;[2m (v2.1.6.RELEASE)&amp#27;[0;39m

&amp#27;[2m2019-08-31 19:55:38.944&amp#27;[0;39m &amp#27;[32m INFO&amp#27;[0;39m &amp#27;[35m4696&amp#27;[0;39m &amp#27;[2m---&amp#27;[0;39m &amp#27;[2m[           main]&amp#27;[0;39m &amp#27;[36mc.p.BudgetManager.FileServiceTest       &amp#27;[0;39m &amp#27;[2m:&amp#27;[0;39m Starting FileServiceTest on A with PID 4696 (started by Przemo in E:\Projects\BudgetManager)
&amp#27;[2m2019-08-31 19:55:38.945&amp#27;[0;39m &amp#27;[32m INFO&amp#27;[0;39m &amp#27;[35m4696&amp#27;[0;39m &amp#27;[2m---&amp#27;[0;39m &amp#27;[2m[           main]&amp#27;[0;39m &amp#27;[36mc.p.BudgetManager.FileServiceTest       &amp#27;[0;39m &amp#27;[2m:&amp#27;[0;39m No active profile set, falling back to default profiles: default
&amp#27;[2m2019-08-31 19:55:39.835&amp#27;[0;39m &amp#27;[32m INFO&amp#27;[0;39m &amp#27;[35m4696&amp#27;[0;39m &amp#27;[2m---&amp#27;[0;39m &amp#27;[2m[           main]&amp#27;[0;39m &amp#27;[36m.s.d.r.c.RepositoryConfigurationDelegate&amp#27;[0;39m &amp#27;[2m:&amp#27;[0;39m Bootstrapping Spring Data repositories in DEFAULT mode.
&amp#27;[2m2019-08-31 19:55:39.910&amp#27;[0;39m &amp#27;[32m INFO&amp#27;[0;39m &amp#27;[35m4696&amp#27;[0;39m &amp#27;[2m---&amp#27;[0;39m &amp#27;[2m[           main]&amp#27;[0;39m &amp#27;[36m.s.d.r.c.RepositoryConfigurationDelegate&amp#27;[0;39m &amp#27;[2m:&amp#27;[0;39m Finished Spring Data repository scanning in 68ms. Found 1 repository interfaces.
&amp#27;[2m2019-08-31 19:55:40.255&amp#27;[0;39m &amp#27;[32m INFO&amp#27;[0;39m &amp#27;[35m4696&amp#27;[0;39m &amp#27;[2m---&amp#27;[0;39m &amp#27;[2m[           main]&amp#27;[0;39m &amp#27;[36mtrationDelegate$BeanPostProcessorChecker&amp#27;[0;39m &amp#27;[2m:&amp#27;[0;39m Bean 'org.springframework.transaction.annotation.ProxyTransactionManagementConfiguration' of type [org.springframework.transaction.annotation.ProxyTransactionManagementConfiguration$$EnhancerBySpringCGLIB$$15c1e635] is not eligible for getting processed by all BeanPostProcessors (for example: not eligible for auto-proxying)
&amp#27;[2m2019-08-31 19:55:40.446&amp#27;[0;39m &amp#27;[32m INFO&amp#27;[0;39m &amp#27;[35m4696&amp#27;[0;39m &amp#27;[2m---&amp#27;[0;39m &amp#27;[2m[           main]&amp#27;[0;39m &amp#27;[36mcom.zaxxer.hikari.HikariDataSource      &amp#27;[0;39m &amp#27;[2m:&amp#27;[0;39m HikariPool-1 - Starting...
&amp#27;[2m2019-08-31 19:55:40.824&amp#27;[0;39m &amp#27;[32m INFO&amp#27;[0;39m &amp#27;[35m4696&amp#27;[0;39m &amp#27;[2m---&amp#27;[0;39m &amp#27;[2m[           main]&amp#27;[0;39m &amp#27;[36mcom.zaxxer.hikari.HikariDataSource      &amp#27;[0;39m &amp#27;[2m:&amp#27;[0;39m HikariPool-1 - Start completed.
&amp#27;[2m2019-08-31 19:55:40.892&amp#27;[0;39m &amp#27;[32m INFO&amp#27;[0;39m &amp#27;[35m4696&amp#27;[0;39m &amp#27;[2m---&amp#27;[0;39m &amp#27;[2m[           main]&amp#27;[0;39m &amp#27;[36mo.hibernate.jpa.internal.util.LogHelper &amp#27;[0;39m &amp#27;[2m:&amp#27;[0;39m HHH000204: Processing PersistenceUnitInfo [
	name: default
	...]
&amp#27;[2m2019-08-31 19:55:40.972&amp#27;[0;39m &amp#27;[32m INFO&amp#27;[0;39m &amp#27;[35m4696&amp#27;[0;39m &amp#27;[2m---&amp#27;[0;39m &amp#27;[2m[           main]&amp#27;[0;39m &amp#27;[36morg.hibernate.Version                   &amp#27;[0;39m &amp#27;[2m:&amp#27;[0;39m HHH000412: Hibernate Core {5.3.10.Final}
&amp#27;[2m2019-08-31 19:55:40.973&amp#27;[0;39m &amp#27;[32m INFO&amp#27;[0;39m &amp#27;[35m4696&amp#27;[0;39m &amp#27;[2m---&amp#27;[0;39m &amp#27;[2m[           main]&amp#27;[0;39m &amp#27;[36morg.hibernate.cfg.Environment           &amp#27;[0;39m &amp#27;[2m:&amp#27;[0;39m HHH000206: hibernate.properties not found
&amp#27;[2m2019-08-31 19:55:41.151&amp#27;[0;39m &amp#27;[32m INFO&amp#27;[0;39m &amp#27;[35m4696&amp#27;[0;39m &amp#27;[2m---&amp#27;[0;39m &amp#27;[2m[           main]&amp#27;[0;39m &amp#27;[36mo.hibernate.annotations.common.Version  &amp#27;[0;39m &amp#27;[2m:&amp#27;[0;39m HCANN000001: Hibernate Commons Annotations {5.0.4.Final}
&amp#27;[2m2019-08-31 19:55:41.260&amp#27;[0;39m &amp#27;[32m INFO&amp#27;[0;39m &amp#27;[35m4696&amp#27;[0;39m &amp#27;[2m---&amp#27;[0;39m &amp#27;[2m[           main]&amp#27;[0;39m &amp#27;[36morg.hibernate.dialect.Dialect           &amp#27;[0;39m &amp#27;[2m:&amp#27;[0;39m HHH000400: Using dialect: org.hibernate.dialect.MySQL57Dialect
&amp#27;[2m2019-08-31 19:55:41.914&amp#27;[0;39m &amp#27;[32m INFO&amp#27;[0;39m &amp#27;[35m4696&amp#27;[0;39m &amp#27;[2m---&amp#27;[0;39m &amp#27;[2m[           main]&amp#27;[0;39m &amp#27;[36morg.hibernate.tuple.PojoInstantiator    &amp#27;[0;39m &amp#27;[2m:&amp#27;[0;39m HHH000182: No default (no-argument) constructor for class: com.pchromic.BudgetManager.domain.expense.Expense (class must be instantiated by Interceptor)
&amp#27;[2m2019-08-31 19:55:42.056&amp#27;[0;39m &amp#27;[32m INFO&amp#27;[0;39m &amp#27;[35m4696&amp#27;[0;39m &amp#27;[2m---&amp#27;[0;39m &amp#27;[2m[           main]&amp#27;[0;39m &amp#27;[36morg.hibernate.tuple.PojoInstantiator    &amp#27;[0;39m &amp#27;[2m:&amp#27;[0;39m HHH000182: No default (no-argument) constructor for class: com.pchromic.BudgetManager.domain.report.Report (class must be instantiated by Interceptor)
Hibernate: 
    
    alter table expense 
       drop 
       foreign key FK758h5dgdblrpwoaaycbmn29i0
Hibernate: 
    
    alter table operation 
       drop 
       foreign key FKgbajdwas0l2dy3c5xeailxfsn
Hibernate: 
    
    alter table report 
       drop 
       foreign key FKj62onw73yx1qnmd57tcaa9q3a
Hibernate: 
    
    alter table report_operation 
       drop 
       foreign key FKmva9kfgpag374ifnyfp6nehpm
Hibernate: 
    
    alter table report_operation 
       drop 
       foreign key FKnv73kyrkws3xrxc3wt9dpi10d
Hibernate: 
    
    drop table if exists expense
Hibernate: 
    
    drop table if exists operation
Hibernate: 
    
    drop table if exists report
Hibernate: 
    
    drop table if exists report_operation
Hibernate: 
    
    drop table if exists user
Hibernate: 
    
    create table expense (
       id bigint not null auto_increment,
        description varchar(255),
        expense_type varchar(255),
        payment_date date,
        value integer,
        user_id bigint,
        primary key (id)
    ) engine=InnoDB
Hibernate: 
    
    create table operation (
       id bigint not null,
        amount decimal(19,2) not null,
        currency varchar(255) not null,
        description varchar(255) not null,
        balance decimal(19,2) not null,
        operation_class varchar(255) not null,
        operation_date date not null,
        transaction_type varchar(255),
        user_id bigint,
        primary key (id)
    ) engine=InnoDB
Hibernate: 
    
    create table report (
       id bigint not null auto_increment,
        report_type varchar(255),
        user_id bigint,
        primary key (id)
    ) engine=InnoDB
Hibernate: 
    
    create table report_operation (
       report_id bigint not null,
        operation_id bigint not null,
        primary key (report_id, operation_id)
    ) engine=InnoDB
Hibernate: 
    
    create table user (
       id bigint not null auto_increment,
        password varchar(200) not null,
        user_name varchar(50) not null,
        user_type varchar(255),
        primary key (id)
    ) engine=InnoDB
Hibernate: 
    
    alter table expense 
       add constraint FK758h5dgdblrpwoaaycbmn29i0 
       foreign key (user_id) 
       references user (id)
Hibernate: 
    
    alter table operation 
       add constraint FKgbajdwas0l2dy3c5xeailxfsn 
       foreign key (user_id) 
       references user (id)
Hibernate: 
    
    alter table report 
       add constraint FKj62onw73yx1qnmd57tcaa9q3a 
       foreign key (user_id) 
       references user (id)
Hibernate: 
    
    alter table report_operation 
       add constraint FKmva9kfgpag374ifnyfp6nehpm 
       foreign key (operation_id) 
       references operation (id)
Hibernate: 
    
    alter table report_operation 
       add constraint FKnv73kyrkws3xrxc3wt9dpi10d 
       foreign key (report_id) 
       references report (id)
&amp#27;[2m2019-08-31 19:55:52.201&amp#27;[0;39m &amp#27;[32m INFO&amp#27;[0;39m &amp#27;[35m4696&amp#27;[0;39m &amp#27;[2m---&amp#27;[0;39m &amp#27;[2m[           main]&amp#27;[0;39m &amp#27;[36mo.h.t.schema.internal.SchemaCreatorImpl &amp#27;[0;39m &amp#27;[2m:&amp#27;[0;39m HHH000476: Executing import script 'org.hibernate.tool.schema.internal.exec.ScriptSourceInputNonExistentImpl@4f5c30b1'
&amp#27;[2m2019-08-31 19:55:52.210&amp#27;[0;39m &amp#27;[32m INFO&amp#27;[0;39m &amp#27;[35m4696&amp#27;[0;39m &amp#27;[2m---&amp#27;[0;39m &amp#27;[2m[           main]&amp#27;[0;39m &amp#27;[36mj.LocalContainerEntityManagerFactoryBean&amp#27;[0;39m &amp#27;[2m:&amp#27;[0;39m Initialized JPA EntityManagerFactory for persistence unit 'default'
&amp#27;[2m2019-08-31 19:55:52.907&amp#27;[0;39m &amp#27;[32m INFO&amp#27;[0;39m &amp#27;[35m4696&amp#27;[0;39m &amp#27;[2m---&amp#27;[0;39m &amp#27;[2m[           main]&amp#27;[0;39m &amp#27;[36m.s.s.UserDetailsServiceAutoConfiguration&amp#27;[0;39m &amp#27;[2m:&amp#27;[0;39m 

Using generated security password: 599aa0a9-d73d-42e0-91a1-486bf8b11838

&amp#27;[2m2019-08-31 19:55:53.093&amp#27;[0;39m &amp#27;[32m INFO&amp#27;[0;39m &amp#27;[35m4696&amp#27;[0;39m &amp#27;[2m---&amp#27;[0;39m &amp#27;[2m[           main]&amp#27;[0;39m &amp#27;[36mo.s.s.web.DefaultSecurityFilterChain    &amp#27;[0;39m &amp#27;[2m:&amp#27;[0;39m Creating filter chain: any request, [org.springframework.security.web.context.request.async.WebAsyncManagerIntegrationFilter@63bca84d, org.springframework.security.web.context.SecurityContextPersistenceFilter@1224e1b6, org.springframework.security.web.header.HeaderWriterFilter@18db3b3c, org.springframework.security.web.authentication.logout.LogoutFilter@69a73867, org.springframework.security.web.savedrequest.RequestCacheAwareFilter@4ffa7041, org.springframework.security.web.servletapi.SecurityContextHolderAwareRequestFilter@1d8be7b9, org.springframework.security.web.authentication.AnonymousAuthenticationFilter@6141647f, org.springframework.security.web.session.SessionManagementFilter@5d37aa0f, org.springframework.security.web.access.ExceptionTranslationFilter@74bdfa0b, org.springframework.security.web.access.intercept.FilterSecurityInterceptor@7717b4a0]
&amp#27;[2m2019-08-31 19:55:54.163&amp#27;[0;39m &amp#27;[32m INFO&amp#27;[0;39m &amp#27;[35m4696&amp#27;[0;39m &amp#27;[2m---&amp#27;[0;39m &amp#27;[2m[           main]&amp#27;[0;39m &amp#27;[36mo.s.s.concurrent.ThreadPoolTaskExecutor &amp#27;[0;39m &amp#27;[2m:&amp#27;[0;39m Initializing ExecutorService 'applicationTaskExecutor'
&amp#27;[2m2019-08-31 19:55:54.203&amp#27;[0;39m &amp#27;[33m WARN&amp#27;[0;39m &amp#27;[35m4696&amp#27;[0;39m &amp#27;[2m---&amp#27;[0;39m &amp#27;[2m[           main]&amp#27;[0;39m &amp#27;[36maWebConfiguration$JpaWebMvcConfiguration&amp#27;[0;39m &amp#27;[2m:&amp#27;[0;39m spring.jpa.open-in-view is enabled by default. Therefore, database queries may be performed during view rendering. Explicitly configure spring.jpa.open-in-view to disable this warning
&amp#27;[2m2019-08-31 19:55:54.446&amp#27;[0;39m &amp#27;[32m INFO&amp#27;[0;39m &amp#27;[35m4696&amp#27;[0;39m &amp#27;[2m---&amp#27;[0;39m &amp#27;[2m[           main]&amp#27;[0;39m &amp#27;[36mc.p.BudgetManager.FileServiceTest       &amp#27;[0;39m &amp#27;[2m:&amp#27;[0;39m Started FileServiceTest in 15.777 seconds (JVM running for 16.613)
Start reading file
Reading file ended
]]></system-out>
    <system-err><![CDATA[java.io.FileNotFoundException: D:\Projects\BudgetManager\assets\Historia_Rachunku.xls (Urządzenie nie jest gotowe)
	at java.io.FileInputStream.open0(Native Method)
	at java.io.FileInputStream.open(FileInputStream.java:195)
	at java.io.FileInputStream.<init>(FileInputStream.java:138)
	at com.pchromic.BudgetManager.service.impl.FileServiceImpl.openFile(FileServiceImpl.java:35)
	at com.pchromic.BudgetManager.FileServiceTest.readFile(FileServiceTest.java:39)
	at sun.reflect.NativeMethodAccessorImpl.invoke0(Native Method)
	at sun.reflect.NativeMethodAccessorImpl.invoke(NativeMethodAccessorImpl.java:62)
	at sun.reflect.DelegatingMethodAccessorImpl.invoke(DelegatingMethodAccessorImpl.java:43)
	at java.lang.reflect.Method.invoke(Method.java:498)
	at org.junit.runners.model.FrameworkMethod$1.runReflectiveCall(FrameworkMethod.java:50)
	at org.junit.internal.runners.model.ReflectiveCallable.run(ReflectiveCallable.java:12)
	at org.junit.runners.model.FrameworkMethod.invokeExplosively(FrameworkMethod.java:47)
	at org.junit.internal.runners.statements.InvokeMethod.evaluate(InvokeMethod.java:17)
	at org.springframework.test.context.junit4.statements.RunBeforeTestExecutionCallbacks.evaluate(RunBeforeTestExecutionCallbacks.java:74)
	at org.springframework.test.context.junit4.statements.RunAfterTestExecutionCallbacks.evaluate(RunAfterTestExecutionCallbacks.java:84)
	at org.springframework.test.context.junit4.statements.RunBeforeTestMethodCallbacks.evaluate(RunBeforeTestMethodCallbacks.java:75)
	at org.springframework.test.context.junit4.statements.RunAfterTestMethodCallbacks.evaluate(RunAfterTestMethodCallbacks.java:86)
	at org.springframework.test.context.junit4.statements.SpringRepeat.evaluate(SpringRepeat.java:84)
	at org.junit.runners.ParentRunner.runLeaf(ParentRunner.java:325)
	at org.springframework.test.context.junit4.SpringJUnit4ClassRunner.runChild(SpringJUnit4ClassRunner.java:251)
	at org.springframework.test.context.junit4.SpringJUnit4ClassRunner.runChild(SpringJUnit4ClassRunner.java:97)
	at org.junit.runners.ParentRunner$3.run(ParentRunner.java:290)
	at org.junit.runners.ParentRunner$1.schedule(ParentRunner.java:71)
	at org.junit.runners.ParentRunner.runChildren(ParentRunner.java:288)
	at org.junit.runners.ParentRunner.access$000(ParentRunner.java:58)
	at org.junit.runners.ParentRunner$2.evaluate(ParentRunner.java:268)
	at org.springframework.test.context.junit4.statements.RunBeforeTestClassCallbacks.evaluate(RunBeforeTestClassCallbacks.java:61)
	at org.springframework.test.context.junit4.statements.RunAfterTestClassCallbacks.evaluate(RunAfterTestClassCallbacks.java:70)
	at org.junit.runners.ParentRunner.run(ParentRunner.java:363)
	at org.springframework.test.context.junit4.SpringJUnit4ClassRunner.run(SpringJUnit4ClassRunner.java:190)
	at org.apache.maven.surefire.junit4.JUnit4Provider.execute(JUnit4Provider.java:365)
	at org.apache.maven.surefire.junit4.JUnit4Provider.executeWithRerun(JUnit4Provider.java:273)
	at org.apache.maven.surefire.junit4.JUnit4Provider.executeTestSet(JUnit4Provider.java:238)
	at org.apache.maven.surefire.junit4.JUnit4Provider.invoke(JUnit4Provider.java:159)
	at org.apache.maven.surefire.booter.ForkedBooter.invokeProviderInSameClassLoader(ForkedBooter.java:384)
	at org.apache.maven.surefire.booter.ForkedBooter.runSuitesInProcess(ForkedBooter.java:345)
	at org.apache.maven.surefire.booter.ForkedBooter.execute(ForkedBooter.java:126)
	at org.apache.maven.surefire.booter.ForkedBooter.main(ForkedBooter.java:418)
]]></system-err>
  </testcase>
</testsuite>